<?xml version="1.0" encoding="UTF-8"?>
<!-- Generated by org.testng.reporters.JUnitReportReporter -->
<testsuite hostname="Ashish" failures="0" tests="3" name="testcases.loginTest" time="24.575" errors="0" timestamp="2024-10-16T01:32:56 IST" skipped="0">
  <testcase classname="testcases.loginTest" name="navigation" time="7.623"/>
  <testcase classname="testcases.loginTest" name="navigation" time="9.522"/>
  <testcase classname="testcases.loginTest" name="navigation" time="7.430"/>
</testsuite> <!-- testcases.loginTest -->
