<?xml version="1.0" encoding="UTF-8"?>
<!-- Generated by org.testng.reporters.JUnitReportReporter -->
<testsuite hostname="Ashish" failures="0" tests="3" name="testcases.loginTest" time="18.146" errors="0" timestamp="2024-10-16T01:39:08 IST" skipped="0">
  <testcase classname="testcases.loginTest" name="navigation" time="5.597"/>
  <testcase classname="testcases.loginTest" name="navigation" time="5.816"/>
  <testcase classname="testcases.loginTest" name="navigation" time="6.733"/>
</testsuite> <!-- testcases.loginTest -->
